[debug] [2021-07-03T07:38:31.584Z] ----------------------------------------------------------------------
[debug] [2021-07-03T07:38:31.586Z] Command:       /Users/tocomi/.anyenv/envs/nodenv/versions/14.15.1/bin/node /Users/tocomi/.anyenv/envs/nodenv/versions/14.15.1/bin/firebase emulators:start --only functions
[debug] [2021-07-03T07:38:31.587Z] CLI Version:   9.14.0
[debug] [2021-07-03T07:38:31.587Z] Platform:      darwin
[debug] [2021-07-03T07:38:31.587Z] Node Version:  v14.15.1
[debug] [2021-07-03T07:38:31.588Z] Time:          Sat Jul 03 2021 16:38:31 GMT+0900 (日本標準時)
[debug] [2021-07-03T07:38:31.588Z] ----------------------------------------------------------------------
[debug] 
[debug] [2021-07-03T07:38:31.595Z] > command requires scopes: ["email","openid","https://www.googleapis.com/auth/cloudplatformprojects.readonly","https://www.googleapis.com/auth/firebase","https://www.googleapis.com/auth/cloud-platform"]
[debug] [2021-07-03T07:38:31.595Z] > authorizing via signed-in user (tocomi0112@gmail.com)
[info] i  emulators: Starting emulators: functions {"metadata":{"emulator":{"name":"hub"},"message":"Starting emulators: functions"}}
[debug] [2021-07-03T07:38:31.611Z] [hub] writing locator at /var/folders/xf/jcx41pw52f96ll5wxbzc7dbm0000gn/T/hub-oogiri-bot.json
[warn] ⚠  functions: The following emulators are not running, calls to these services from the Functions emulator will affect production: auth, firestore, database, hosting, pubsub, storage {"metadata":{"emulator":{"name":"functions"},"message":"The following emulators are not running, calls to these services from the Functions emulator will affect production: \u001b[1mauth, firestore, database, hosting, pubsub, storage\u001b[22m"}}
[info] ✔  functions: Using node@14 from host. {"metadata":{"emulator":{"name":"functions"},"message":"Using node@14 from host."}}
[debug] [2021-07-03T07:38:31.629Z] defaultcredentials: writing to file /Users/tocomi/.config/firebase/tocomi0112_gmail_com_application_default_credentials.json
[debug] [2021-07-03T07:38:31.630Z] Setting GAC to /Users/tocomi/.config/firebase/tocomi0112_gmail_com_application_default_credentials.json {"metadata":{"emulator":{"name":"functions"},"message":"Setting GAC to /Users/tocomi/.config/firebase/tocomi0112_gmail_com_application_default_credentials.json"}}
[debug] [2021-07-03T07:38:31.634Z] >>> [apiv2][query] GET https://firebase.googleapis.com/v1beta1/projects/oogiri-bot/adminSdkConfig [none]
[debug] [2021-07-03T07:38:32.522Z] <<< [apiv2][status] GET https://firebase.googleapis.com/v1beta1/projects/oogiri-bot/adminSdkConfig 200
[debug] [2021-07-03T07:38:32.522Z] <<< [apiv2][body] GET https://firebase.googleapis.com/v1beta1/projects/oogiri-bot/adminSdkConfig {"projectId":"oogiri-bot","storageBucket":"oogiri-bot.appspot.com","locationId":"asia-northeast1"}
[debug] [2021-07-03T07:38:32.808Z] Ignoring unsupported arg: auto_download {"metadata":{"emulator":{"name":"ui"},"message":"Ignoring unsupported arg: auto_download"}}
[debug] [2021-07-03T07:38:32.808Z] Ignoring unsupported arg: port {"metadata":{"emulator":{"name":"ui"},"message":"Ignoring unsupported arg: port"}}
[debug] [2021-07-03T07:38:32.809Z] Starting Emulator UI with command {"binary":"node","args":["/Users/tocomi/.cache/firebase/emulators/ui-v1.5.0/server.bundle.js"],"optionalArgs":[],"joinArgs":false} {"metadata":{"emulator":{"name":"ui"},"message":"Starting Emulator UI with command {\"binary\":\"node\",\"args\":[\"/Users/tocomi/.cache/firebase/emulators/ui-v1.5.0/server.bundle.js\"],\"optionalArgs\":[],\"joinArgs\":false}"}}
[info] i  ui: Emulator UI logging to ui-debug.log {"metadata":{"emulator":{"name":"ui"},"message":"Emulator UI logging to \u001b[1mui-debug.log\u001b[22m"}}
[debug] [2021-07-03T07:38:32.915Z] Web / API server started at http://localhost:4000
 {"metadata":{"emulator":{"name":"ui"},"message":"Web / API server started at http://localhost:4000\n"}}
[info] i  functions: Watching "/Users/tocomi/develop/personal/slack/oogiri-bot/functions" for Cloud Functions... {"metadata":{"emulator":{"name":"functions"},"message":"Watching \"/Users/tocomi/develop/personal/slack/oogiri-bot/functions\" for Cloud Functions..."}}
[debug] [2021-07-03T07:38:33.086Z] [worker-pool] addWorker(~diagnostic~) {"metadata":{"emulator":{"name":"functions"},"message":"[worker-pool] addWorker(~diagnostic~)"}}
[debug] [2021-07-03T07:38:33.087Z] [worker-pool] Adding worker with key ~diagnostic~, total=1 {"metadata":{"emulator":{"name":"functions"},"message":"[worker-pool] Adding worker with key ~diagnostic~, total=1"}}
[debug] [2021-07-03T07:38:33.087Z] [worker-pool] submitWork(triggerId=) {"metadata":{"emulator":{"name":"functions"},"message":"[worker-pool] submitWork(triggerId=)"}}
[debug] [2021-07-03T07:38:33.087Z] [worker-~diagnostic~-d9f60483-3b40-401a-8cbb-2bb528da4cc5]: Assigning socketPath: /var/folders/xf/jcx41pw52f96ll5wxbzc7dbm0000gn/T/fire_emu_23154.sock {"metadata":{"emulator":{"name":"functions"},"message":"[worker-~diagnostic~-d9f60483-3b40-401a-8cbb-2bb528da4cc5]: Assigning socketPath: /var/folders/xf/jcx41pw52f96ll5wxbzc7dbm0000gn/T/fire_emu_23154.sock"}}
[debug] [2021-07-03T07:38:33.088Z] [worker-~diagnostic~-d9f60483-3b40-401a-8cbb-2bb528da4cc5]: BUSY {"metadata":{"emulator":{"name":"functions"},"message":"[worker-~diagnostic~-d9f60483-3b40-401a-8cbb-2bb528da4cc5]: BUSY"}}
[debug] [2021-07-03T07:38:33.224Z] [runtime-status] [23154] Functions runtime initialized. {"cwd":"/Users/tocomi/develop/personal/slack/oogiri-bot/functions","node_version":"14.15.1"} {"metadata":{"emulator":{"name":"functions"},"message":"[runtime-status] [23154] Functions runtime initialized. {\"cwd\":\"/Users/tocomi/develop/personal/slack/oogiri-bot/functions\",\"node_version\":\"14.15.1\"}"}}
[debug] [2021-07-03T07:38:33.225Z] [runtime-status] [23154] Disabled runtime features: undefined {"metadata":{"emulator":{"name":"functions"},"message":"[runtime-status] [23154] Disabled runtime features: undefined"}}
[debug] [2021-07-03T07:38:33.227Z] [runtime-status] [23154] Resolved module firebase-admin {"declared":true,"installed":true,"version":"9.10.0","resolution":"/Users/tocomi/develop/personal/slack/oogiri-bot/functions/node_modules/firebase-admin/lib/index.js"} {"metadata":{"emulator":{"name":"functions"},"message":"[runtime-status] [23154] Resolved module firebase-admin {\"declared\":true,\"installed\":true,\"version\":\"9.10.0\",\"resolution\":\"/Users/tocomi/develop/personal/slack/oogiri-bot/functions/node_modules/firebase-admin/lib/index.js\"}"}}
[debug] [2021-07-03T07:38:33.227Z] [runtime-status] [23154] Resolved module firebase-functions {"declared":true,"installed":true,"version":"3.14.1","resolution":"/Users/tocomi/develop/personal/slack/oogiri-bot/functions/node_modules/firebase-functions/lib/index.js"} {"metadata":{"emulator":{"name":"functions"},"message":"[runtime-status] [23154] Resolved module firebase-functions {\"declared\":true,\"installed\":true,\"version\":\"3.14.1\",\"resolution\":\"/Users/tocomi/develop/personal/slack/oogiri-bot/functions/node_modules/firebase-functions/lib/index.js\"}"}}
[debug] [2021-07-03T07:38:33.229Z] [runtime-status] [23154] Resolved module firebase-functions {"declared":true,"installed":true,"version":"3.14.1","resolution":"/Users/tocomi/develop/personal/slack/oogiri-bot/functions/node_modules/firebase-functions/lib/index.js"} {"metadata":{"emulator":{"name":"functions"},"message":"[runtime-status] [23154] Resolved module firebase-functions {\"declared\":true,\"installed\":true,\"version\":\"3.14.1\",\"resolution\":\"/Users/tocomi/develop/personal/slack/oogiri-bot/functions/node_modules/firebase-functions/lib/index.js\"}"}}
[debug] [2021-07-03T07:38:33.231Z] [runtime-status] [23154] Outgoing network have been stubbed. [{"name":"http","status":"mocked"},{"name":"http","status":"mocked"},{"name":"https","status":"mocked"},{"name":"https","status":"mocked"},{"name":"net","status":"mocked"}] {"metadata":{"emulator":{"name":"functions"},"message":"[runtime-status] [23154] Outgoing network have been stubbed. [{\"name\":\"http\",\"status\":\"mocked\"},{\"name\":\"http\",\"status\":\"mocked\"},{\"name\":\"https\",\"status\":\"mocked\"},{\"name\":\"https\",\"status\":\"mocked\"},{\"name\":\"net\",\"status\":\"mocked\"}]"}}
[debug] [2021-07-03T07:38:33.231Z] [runtime-status] [23154] Resolved module firebase-functions {"declared":true,"installed":true,"version":"3.14.1","resolution":"/Users/tocomi/develop/personal/slack/oogiri-bot/functions/node_modules/firebase-functions/lib/index.js"} {"metadata":{"emulator":{"name":"functions"},"message":"[runtime-status] [23154] Resolved module firebase-functions {\"declared\":true,\"installed\":true,\"version\":\"3.14.1\",\"resolution\":\"/Users/tocomi/develop/personal/slack/oogiri-bot/functions/node_modules/firebase-functions/lib/index.js\"}"}}
[debug] [2021-07-03T07:38:33.268Z] [runtime-status] [23154] Checked functions.config() {"config":{}} {"metadata":{"emulator":{"name":"functions"},"message":"[runtime-status] [23154] Checked functions.config() {\"config\":{}}"}}
[debug] [2021-07-03T07:38:33.269Z] [runtime-status] [23154] firebase-functions has been stubbed. {"functionsResolution":{"declared":true,"installed":true,"version":"3.14.1","resolution":"/Users/tocomi/develop/personal/slack/oogiri-bot/functions/node_modules/firebase-functions/lib/index.js"}} {"metadata":{"emulator":{"name":"functions"},"message":"[runtime-status] [23154] firebase-functions has been stubbed. {\"functionsResolution\":{\"declared\":true,\"installed\":true,\"version\":\"3.14.1\",\"resolution\":\"/Users/tocomi/develop/personal/slack/oogiri-bot/functions/node_modules/firebase-functions/lib/index.js\"}}"}}
[debug] [2021-07-03T07:38:33.269Z] [runtime-status] [23154] Resolved module firebase-functions {"declared":true,"installed":true,"version":"3.14.1","resolution":"/Users/tocomi/develop/personal/slack/oogiri-bot/functions/node_modules/firebase-functions/lib/index.js"} {"metadata":{"emulator":{"name":"functions"},"message":"[runtime-status] [23154] Resolved module firebase-functions {\"declared\":true,\"installed\":true,\"version\":\"3.14.1\",\"resolution\":\"/Users/tocomi/develop/personal/slack/oogiri-bot/functions/node_modules/firebase-functions/lib/index.js\"}"}}
[debug] [2021-07-03T07:38:33.271Z] [runtime-status] [23154] Resolved module firebase-admin {"declared":true,"installed":true,"version":"9.10.0","resolution":"/Users/tocomi/develop/personal/slack/oogiri-bot/functions/node_modules/firebase-admin/lib/index.js"} {"metadata":{"emulator":{"name":"functions"},"message":"[runtime-status] [23154] Resolved module firebase-admin {\"declared\":true,\"installed\":true,\"version\":\"9.10.0\",\"resolution\":\"/Users/tocomi/develop/personal/slack/oogiri-bot/functions/node_modules/firebase-admin/lib/index.js\"}"}}
[debug] [2021-07-03T07:38:33.272Z] [runtime-status] [23154] Resolved module firebase-functions {"declared":true,"installed":true,"version":"3.14.1","resolution":"/Users/tocomi/develop/personal/slack/oogiri-bot/functions/node_modules/firebase-functions/lib/index.js"} {"metadata":{"emulator":{"name":"functions"},"message":"[runtime-status] [23154] Resolved module firebase-functions {\"declared\":true,\"installed\":true,\"version\":\"3.14.1\",\"resolution\":\"/Users/tocomi/develop/personal/slack/oogiri-bot/functions/node_modules/firebase-functions/lib/index.js\"}"}}
[debug] [2021-07-03T07:38:33.272Z] [runtime-status] [23154] firebase-admin has been stubbed. {"adminResolution":{"declared":true,"installed":true,"version":"9.10.0","resolution":"/Users/tocomi/develop/personal/slack/oogiri-bot/functions/node_modules/firebase-admin/lib/index.js"}} {"metadata":{"emulator":{"name":"functions"},"message":"[runtime-status] [23154] firebase-admin has been stubbed. {\"adminResolution\":{\"declared\":true,\"installed\":true,\"version\":\"9.10.0\",\"resolution\":\"/Users/tocomi/develop/personal/slack/oogiri-bot/functions/node_modules/firebase-admin/lib/index.js\"}}"}}
[info] ✔  functions[us-central1-api]: http function initialized (http://localhost:5001/oogiri-bot/us-central1/api). {"metadata":{"emulator":{"name":"functions"},"message":"\u001b[1mhttp\u001b[22m function initialized (http://localhost:5001/oogiri-bot/us-central1/api)."}}
[info] 
┌─────────────────────────────────────────────────────────────┐
│ ✔  All emulators ready! It is now safe to connect your app. │
│ i  View Emulator UI at http://localhost:4000                │
└─────────────────────────────────────────────────────────────┘

┌───────────┬────────────────┬─────────────────────────────────┐
│ Emulator  │ Host:Port      │ View in Emulator UI             │
├───────────┼────────────────┼─────────────────────────────────┤
│ Functions │ localhost:5001 │ http://localhost:4000/functions │
└───────────┴────────────────┴─────────────────────────────────┘
  Emulator Hub running at localhost:4400
  Other reserved ports: 4500

Issues? Report them at https://github.com/firebase/firebase-tools/issues and attach the *-debug.log files.
 
[debug] [2021-07-03T07:38:33.345Z] [worker-~diagnostic~-d9f60483-3b40-401a-8cbb-2bb528da4cc5]: IDLE {"metadata":{"emulator":{"name":"functions"},"message":"[worker-~diagnostic~-d9f60483-3b40-401a-8cbb-2bb528da4cc5]: IDLE"}}
[debug] [2021-07-03T07:38:36.295Z] [work-queue] {"queueLength":1,"workRunningCount":0}
[debug] [2021-07-03T07:38:36.295Z] [work-queue] {"queueLength":0,"workRunningCount":1}
[debug] [2021-07-03T07:38:36.295Z] Accepted request GET /oogiri-bot/us-central1/api/odai/current --> us-central1-api
[debug] [2021-07-03T07:38:36.300Z] [worker-pool] addWorker(us-central1-api) {"metadata":{"emulator":{"name":"functions"},"message":"[worker-pool] addWorker(us-central1-api)"}}
[debug] [2021-07-03T07:38:36.301Z] [worker-pool] Adding worker with key us-central1-api, total=1 {"metadata":{"emulator":{"name":"functions"},"message":"[worker-pool] Adding worker with key us-central1-api, total=1"}}
[debug] [2021-07-03T07:38:36.301Z] [worker-pool] submitWork(triggerId=us-central1-api) {"metadata":{"emulator":{"name":"functions"},"message":"[worker-pool] submitWork(triggerId=us-central1-api)"}}
[debug] [2021-07-03T07:38:36.301Z] [worker-us-central1-api-0e85f814-b958-44ac-acac-833533b1223f]: Assigning socketPath: /var/folders/xf/jcx41pw52f96ll5wxbzc7dbm0000gn/T/fire_emu_23155.sock {"metadata":{"emulator":{"name":"functions"},"message":"[worker-us-central1-api-0e85f814-b958-44ac-acac-833533b1223f]: Assigning socketPath: /var/folders/xf/jcx41pw52f96ll5wxbzc7dbm0000gn/T/fire_emu_23155.sock"}}
[debug] [2021-07-03T07:38:36.301Z] [worker-us-central1-api-0e85f814-b958-44ac-acac-833533b1223f]: BUSY {"metadata":{"emulator":{"name":"functions"},"message":"[worker-us-central1-api-0e85f814-b958-44ac-acac-833533b1223f]: BUSY"}}
[debug] [2021-07-03T07:38:36.447Z] [runtime-status] [23155] Functions runtime initialized. {"cwd":"/Users/tocomi/develop/personal/slack/oogiri-bot/functions","node_version":"14.15.1"} {"metadata":{"emulator":{"name":"functions"},"function":{"name":"us-central1-api"},"message":"[runtime-status] [23155] Functions runtime initialized. {\"cwd\":\"/Users/tocomi/develop/personal/slack/oogiri-bot/functions\",\"node_version\":\"14.15.1\"}"}}
[debug] [2021-07-03T07:38:36.449Z] [runtime-status] [23155] Disabled runtime features: undefined {"metadata":{"emulator":{"name":"functions"},"function":{"name":"us-central1-api"},"message":"[runtime-status] [23155] Disabled runtime features: undefined"}}
[debug] [2021-07-03T07:38:36.451Z] [runtime-status] [23155] Resolved module firebase-admin {"declared":true,"installed":true,"version":"9.10.0","resolution":"/Users/tocomi/develop/personal/slack/oogiri-bot/functions/node_modules/firebase-admin/lib/index.js"} {"metadata":{"emulator":{"name":"functions"},"function":{"name":"us-central1-api"},"message":"[runtime-status] [23155] Resolved module firebase-admin {\"declared\":true,\"installed\":true,\"version\":\"9.10.0\",\"resolution\":\"/Users/tocomi/develop/personal/slack/oogiri-bot/functions/node_modules/firebase-admin/lib/index.js\"}"}}
[debug] [2021-07-03T07:38:36.452Z] [runtime-status] [23155] Resolved module firebase-functions {"declared":true,"installed":true,"version":"3.14.1","resolution":"/Users/tocomi/develop/personal/slack/oogiri-bot/functions/node_modules/firebase-functions/lib/index.js"} {"metadata":{"emulator":{"name":"functions"},"function":{"name":"us-central1-api"},"message":"[runtime-status] [23155] Resolved module firebase-functions {\"declared\":true,\"installed\":true,\"version\":\"3.14.1\",\"resolution\":\"/Users/tocomi/develop/personal/slack/oogiri-bot/functions/node_modules/firebase-functions/lib/index.js\"}"}}
[debug] [2021-07-03T07:38:36.454Z] [runtime-status] [23155] Resolved module firebase-functions {"declared":true,"installed":true,"version":"3.14.1","resolution":"/Users/tocomi/develop/personal/slack/oogiri-bot/functions/node_modules/firebase-functions/lib/index.js"} {"metadata":{"emulator":{"name":"functions"},"function":{"name":"us-central1-api"},"message":"[runtime-status] [23155] Resolved module firebase-functions {\"declared\":true,\"installed\":true,\"version\":\"3.14.1\",\"resolution\":\"/Users/tocomi/develop/personal/slack/oogiri-bot/functions/node_modules/firebase-functions/lib/index.js\"}"}}
[debug] [2021-07-03T07:38:36.455Z] [runtime-status] [23155] Outgoing network have been stubbed. [{"name":"http","status":"mocked"},{"name":"http","status":"mocked"},{"name":"https","status":"mocked"},{"name":"https","status":"mocked"},{"name":"net","status":"mocked"}] {"metadata":{"emulator":{"name":"functions"},"function":{"name":"us-central1-api"},"message":"[runtime-status] [23155] Outgoing network have been stubbed. [{\"name\":\"http\",\"status\":\"mocked\"},{\"name\":\"http\",\"status\":\"mocked\"},{\"name\":\"https\",\"status\":\"mocked\"},{\"name\":\"https\",\"status\":\"mocked\"},{\"name\":\"net\",\"status\":\"mocked\"}]"}}
[debug] [2021-07-03T07:38:36.456Z] [runtime-status] [23155] Resolved module firebase-functions {"declared":true,"installed":true,"version":"3.14.1","resolution":"/Users/tocomi/develop/personal/slack/oogiri-bot/functions/node_modules/firebase-functions/lib/index.js"} {"metadata":{"emulator":{"name":"functions"},"function":{"name":"us-central1-api"},"message":"[runtime-status] [23155] Resolved module firebase-functions {\"declared\":true,\"installed\":true,\"version\":\"3.14.1\",\"resolution\":\"/Users/tocomi/develop/personal/slack/oogiri-bot/functions/node_modules/firebase-functions/lib/index.js\"}"}}
[debug] [2021-07-03T07:38:36.491Z] [runtime-status] [23155] Checked functions.config() {"config":{}} {"metadata":{"emulator":{"name":"functions"},"function":{"name":"us-central1-api"},"message":"[runtime-status] [23155] Checked functions.config() {\"config\":{}}"}}
[debug] [2021-07-03T07:38:36.492Z] [runtime-status] [23155] firebase-functions has been stubbed. {"functionsResolution":{"declared":true,"installed":true,"version":"3.14.1","resolution":"/Users/tocomi/develop/personal/slack/oogiri-bot/functions/node_modules/firebase-functions/lib/index.js"}} {"metadata":{"emulator":{"name":"functions"},"function":{"name":"us-central1-api"},"message":"[runtime-status] [23155] firebase-functions has been stubbed. {\"functionsResolution\":{\"declared\":true,\"installed\":true,\"version\":\"3.14.1\",\"resolution\":\"/Users/tocomi/develop/personal/slack/oogiri-bot/functions/node_modules/firebase-functions/lib/index.js\"}}"}}
[debug] [2021-07-03T07:38:36.492Z] [runtime-status] [23155] Resolved module firebase-functions {"declared":true,"installed":true,"version":"3.14.1","resolution":"/Users/tocomi/develop/personal/slack/oogiri-bot/functions/node_modules/firebase-functions/lib/index.js"} {"metadata":{"emulator":{"name":"functions"},"function":{"name":"us-central1-api"},"message":"[runtime-status] [23155] Resolved module firebase-functions {\"declared\":true,\"installed\":true,\"version\":\"3.14.1\",\"resolution\":\"/Users/tocomi/develop/personal/slack/oogiri-bot/functions/node_modules/firebase-functions/lib/index.js\"}"}}
[debug] [2021-07-03T07:38:36.494Z] [runtime-status] [23155] Resolved module firebase-admin {"declared":true,"installed":true,"version":"9.10.0","resolution":"/Users/tocomi/develop/personal/slack/oogiri-bot/functions/node_modules/firebase-admin/lib/index.js"} {"metadata":{"emulator":{"name":"functions"},"function":{"name":"us-central1-api"},"message":"[runtime-status] [23155] Resolved module firebase-admin {\"declared\":true,\"installed\":true,\"version\":\"9.10.0\",\"resolution\":\"/Users/tocomi/develop/personal/slack/oogiri-bot/functions/node_modules/firebase-admin/lib/index.js\"}"}}
[debug] [2021-07-03T07:38:36.494Z] [runtime-status] [23155] Resolved module firebase-functions {"declared":true,"installed":true,"version":"3.14.1","resolution":"/Users/tocomi/develop/personal/slack/oogiri-bot/functions/node_modules/firebase-functions/lib/index.js"} {"metadata":{"emulator":{"name":"functions"},"function":{"name":"us-central1-api"},"message":"[runtime-status] [23155] Resolved module firebase-functions {\"declared\":true,\"installed\":true,\"version\":\"3.14.1\",\"resolution\":\"/Users/tocomi/develop/personal/slack/oogiri-bot/functions/node_modules/firebase-functions/lib/index.js\"}"}}
[debug] [2021-07-03T07:38:36.494Z] [runtime-status] [23155] firebase-admin has been stubbed. {"adminResolution":{"declared":true,"installed":true,"version":"9.10.0","resolution":"/Users/tocomi/develop/personal/slack/oogiri-bot/functions/node_modules/firebase-admin/lib/index.js"}} {"metadata":{"emulator":{"name":"functions"},"function":{"name":"us-central1-api"},"message":"[runtime-status] [23155] firebase-admin has been stubbed. {\"adminResolution\":{\"declared\":true,\"installed\":true,\"version\":\"9.10.0\",\"resolution\":\"/Users/tocomi/develop/personal/slack/oogiri-bot/functions/node_modules/firebase-admin/lib/index.js\"}}"}}
[debug] [2021-07-03T07:38:36.566Z] [runtime-status] [23155] Trigger "us-central1-api" has been found, beginning invocation! {"metadata":{"emulator":{"name":"functions"},"function":{"name":"us-central1-api"},"message":"[runtime-status] [23155] Trigger \"us-central1-api\" has been found, beginning invocation!"}}
[info] i  functions: Beginning execution of "us-central1-api" {"metadata":{"emulator":{"name":"functions"},"function":{"name":"us-central1-api"},"message":"Beginning execution of \"us-central1-api\""}}
[debug] [2021-07-03T07:38:36.567Z] [runtime-status] [23155] triggerDefinition {"httpsTrigger":{},"name":"api","entryPoint":"api","regions":["us-central1"],"region":"us-central1","id":"us-central1-api"} {"metadata":{"emulator":{"name":"functions"},"function":{"name":"us-central1-api"},"message":"[runtime-status] [23155] triggerDefinition {\"httpsTrigger\":{},\"name\":\"api\",\"entryPoint\":\"api\",\"regions\":[\"us-central1\"],\"region\":\"us-central1\",\"id\":\"us-central1-api\"}"}}
[debug] [2021-07-03T07:38:36.567Z] [runtime-status] [23155] Running us-central1-api in mode HTTPS {"metadata":{"emulator":{"name":"functions"},"function":{"name":"us-central1-api"},"message":"[runtime-status] [23155] Running us-central1-api in mode HTTPS"}}
[debug] [2021-07-03T07:38:36.570Z] [runtime-status] [23155] Attempting to listen to socketPath: /var/folders/xf/jcx41pw52f96ll5wxbzc7dbm0000gn/T/fire_emu_23155.sock {"metadata":{"emulator":{"name":"functions"},"function":{"name":"us-central1-api"},"message":"[runtime-status] [23155] Attempting to listen to socketPath: /var/folders/xf/jcx41pw52f96ll5wxbzc7dbm0000gn/T/fire_emu_23155.sock"}}
[debug] [2021-07-03T07:38:36.573Z] [functions] Runtime ready! Sending request! {"metadata":{"emulator":{"name":"functions"},"message":"[functions] Runtime ready! Sending request!"}}
[debug] [2021-07-03T07:38:36.573Z] [functions] Got req.url=/oogiri-bot/us-central1/api/odai/current, mapping to path=/odai/current {"metadata":{"emulator":{"name":"functions"},"message":"[functions] Got req.url=/oogiri-bot/us-central1/api/odai/current, mapping to path=/odai/current"}}
[debug] [2021-07-03T07:38:36.580Z] [runtime-status] [23155] Ephemeral server handling GET request {"metadata":{"emulator":{"name":"functions"},"function":{"name":"us-central1-api"},"message":"[runtime-status] [23155] Ephemeral server handling GET request"}}
[debug] [2021-07-03T07:38:36.587Z] [runtime-status] [23155] Ephemeral server survived. {"metadata":{"emulator":{"name":"functions"},"function":{"name":"us-central1-api"},"message":"[runtime-status] [23155] Ephemeral server survived."}}
[info] i  functions: Finished "us-central1-api" in ~1s {"metadata":{"emulator":{"name":"functions"},"function":{"name":"us-central1-api"},"message":"Finished \"us-central1-api\" in ~1s"}}
[debug] [2021-07-03T07:38:36.593Z] [worker-us-central1-api-0e85f814-b958-44ac-acac-833533b1223f]: IDLE {"metadata":{"emulator":{"name":"functions"},"message":"[worker-us-central1-api-0e85f814-b958-44ac-acac-833533b1223f]: IDLE"}}
[debug] [2021-07-03T07:38:36.593Z] [work-queue] {"queueLength":0,"workRunningCount":0}
